

Version:	3.50
CmdLine:	D:\Java for OOP\PompomCorner\Pompom's Corner.exe --l4j-debug
JNI:		No
WOW64:		Yes
Working dir:	D:\Java for OOP\PompomCorner\.
Requires JDK:	No
Requires 64-Bit: No
Java min ver:	
Java max ver:	
Substitute:	JAVA_HOME = C:\Program Files\Java\jdk-23
Substitute:	PATH = C:\Program Files\Java\jdk-23\bin;C:\WINDOWS\system32;C:\WINDOWS;C:\WINDOWS\System32\Wbem;C:\WINDOWS\System32\WindowsPowerShell\v1.0\;C:\WINDOWS\System32\OpenSSH\;C:\Program Files\dotnet\;C:\Users\river\AppData\Local\Microsoft\WindowsApps;C:\adb;C:\MinGW\bin;C:\cygnus\cygwin-b20\H-i586-cygwin32\bin;C:\Program Files\Git\cmd;"C:\Users\river\AppData\Local\Microsoft\WindowsApps;C:\platform-tools";C:\MinGW\bin;C:\cygnus\cygwin-b20\H-i586-cygwin32\bin;D:\Programming\flutter\bin;C:\Users\river\AppData\Local\GitHubDesktop\bin;C:\Users\river\AppData\Local\Programs\Microsoft VS Code\bin;C:\Program Files\Java\jdk-23\bin;;C:\Program Files\Java\jdk-23\bin
JRE paths:	C:\Program Files\Java\jdk-23;C:\Program Files\Java\jdk-23\bin;C:\WINDOWS\system32;C:\WINDOWS;C:\WINDOWS\System32\Wbem;C:\WINDOWS\System32\WindowsPowerShell\v1.0\;C:\WINDOWS\System32\OpenSSH\;C:\Program Files\dotnet\;C:\Users\river\AppData\Local\Microsoft\WindowsApps;C:\adb;C:\MinGW\bin;C:\cygnus\cygwin-b20\H-i586-cygwin32\bin;C:\Program Files\Git\cmd;"C:\Users\river\AppData\Local\Microsoft\WindowsApps;C:\platform-tools";C:\MinGW\bin;C:\cygnus\cygwin-b20\H-i586-cygwin32\bin;D:\Programming\flutter\bin;C:\Users\river\AppData\Local\GitHubDesktop\bin;C:\Users\river\AppData\Local\Programs\Microsoft VS Code\bin;C:\Program Files\Java\jdk-23\bin;;C:\Program Files\Java\jdk-23\bin
Check launcher:	C:\Program Files\Java\jdk-23\bin\javaw.exe (OK)
Version string: 1.023.000 / 64-Bit (OK)
Main class:	MainFrame
Info:		Classpath not defined.
Launcher:	C:\Program Files\Java\jdk-23\bin\javaw.exe
Launcher args:	-classpath "D:\Java for OOP\PompomCorner\Pompom's Corner.exe" MainFrame
Args length:	71/32768 chars
Exit code:	0


Version:	3.50
CmdLine:	D:\Java for OOP\PompomCorner\Pompom's Corner.exe --l4j-debug
JNI:		No
WOW64:		Yes
Working dir:	D:\Java for OOP\PompomCorner\.
Requires JDK:	No
Requires 64-Bit: No
Java min ver:	
Java max ver:	
Substitute:	JAVA_HOME = C:\Program Files\Java\jdk-23
Substitute:	PATH = C:\Program Files\Java\jdk-23\bin;C:\WINDOWS\system32;C:\WINDOWS;C:\WINDOWS\System32\Wbem;C:\WINDOWS\System32\WindowsPowerShell\v1.0\;C:\WINDOWS\System32\OpenSSH\;C:\Program Files\dotnet\;C:\Users\river\AppData\Local\Microsoft\WindowsApps;C:\adb;C:\MinGW\bin;C:\cygnus\cygwin-b20\H-i586-cygwin32\bin;C:\Program Files\Git\cmd;"C:\Users\river\AppData\Local\Microsoft\WindowsApps;C:\platform-tools";C:\MinGW\bin;C:\cygnus\cygwin-b20\H-i586-cygwin32\bin;D:\Programming\flutter\bin;C:\Users\river\AppData\Local\GitHubDesktop\bin;C:\Users\river\AppData\Local\Programs\Microsoft VS Code\bin;C:\Program Files\Java\jdk-23\bin;;C:\Program Files\Java\jdk-23\bin
JRE paths:	C:\Program Files\Java\jdk-23;C:\Program Files\Java\jdk-23\bin;C:\WINDOWS\system32;C:\WINDOWS;C:\WINDOWS\System32\Wbem;C:\WINDOWS\System32\WindowsPowerShell\v1.0\;C:\WINDOWS\System32\OpenSSH\;C:\Program Files\dotnet\;C:\Users\river\AppData\Local\Microsoft\WindowsApps;C:\adb;C:\MinGW\bin;C:\cygnus\cygwin-b20\H-i586-cygwin32\bin;C:\Program Files\Git\cmd;"C:\Users\river\AppData\Local\Microsoft\WindowsApps;C:\platform-tools";C:\MinGW\bin;C:\cygnus\cygwin-b20\H-i586-cygwin32\bin;D:\Programming\flutter\bin;C:\Users\river\AppData\Local\GitHubDesktop\bin;C:\Users\river\AppData\Local\Programs\Microsoft VS Code\bin;C:\Program Files\Java\jdk-23\bin;;C:\Program Files\Java\jdk-23\bin
Check launcher:	C:\Program Files\Java\jdk-23\bin\javaw.exe (OK)
Version string: 1.023.000 / 64-Bit (OK)
Main class:	MainFrame
Info:		Classpath not defined.
Launcher:	C:\Program Files\Java\jdk-23\bin\javaw.exe
Launcher args:	-classpath "D:\Java for OOP\PompomCorner\Pompom's Corner.exe" MainFrame
Args length:	71/32768 chars
Exit code:	0


Version:	3.50
CmdLine:	D:\Java for OOP\PompomCorner\Pompom's Corner.exe --l4j-debug
JNI:		No
WOW64:		Yes
Working dir:	D:\Java for OOP\PompomCorner\.
Requires JDK:	No
Requires 64-Bit: No
Java min ver:	
Java max ver:	
Substitute:	JAVA_HOME = C:\Program Files\Java\jdk-23
Substitute:	PATH = C:\Program Files\Java\jdk-23\bin;C:\WINDOWS\system32;C:\WINDOWS;C:\WINDOWS\System32\Wbem;C:\WINDOWS\System32\WindowsPowerShell\v1.0\;C:\WINDOWS\System32\OpenSSH\;C:\Program Files\dotnet\;C:\Users\river\AppData\Local\Microsoft\WindowsApps;C:\adb;C:\MinGW\bin;C:\cygnus\cygwin-b20\H-i586-cygwin32\bin;C:\Program Files\Git\cmd;"C:\Users\river\AppData\Local\Microsoft\WindowsApps;C:\platform-tools";C:\MinGW\bin;C:\cygnus\cygwin-b20\H-i586-cygwin32\bin;D:\Programming\flutter\bin;C:\Users\river\AppData\Local\GitHubDesktop\bin;C:\Users\river\AppData\Local\Programs\Microsoft VS Code\bin;C:\Program Files\Java\jdk-23\bin;;C:\Program Files\Java\jdk-23\bin
JRE paths:	C:\Program Files\Java\jdk-23;C:\Program Files\Java\jdk-23\bin;C:\WINDOWS\system32;C:\WINDOWS;C:\WINDOWS\System32\Wbem;C:\WINDOWS\System32\WindowsPowerShell\v1.0\;C:\WINDOWS\System32\OpenSSH\;C:\Program Files\dotnet\;C:\Users\river\AppData\Local\Microsoft\WindowsApps;C:\adb;C:\MinGW\bin;C:\cygnus\cygwin-b20\H-i586-cygwin32\bin;C:\Program Files\Git\cmd;"C:\Users\river\AppData\Local\Microsoft\WindowsApps;C:\platform-tools";C:\MinGW\bin;C:\cygnus\cygwin-b20\H-i586-cygwin32\bin;D:\Programming\flutter\bin;C:\Users\river\AppData\Local\GitHubDesktop\bin;C:\Users\river\AppData\Local\Programs\Microsoft VS Code\bin;C:\Program Files\Java\jdk-23\bin;;C:\Program Files\Java\jdk-23\bin
Check launcher:	C:\Program Files\Java\jdk-23\bin\javaw.exe (OK)
Version string: 1.023.000 / 64-Bit (OK)
Main class:	MainFrame
Info:		Classpath not defined.
Launcher:	C:\Program Files\Java\jdk-23\bin\javaw.exe
Launcher args:	-classpath "D:\Java for OOP\PompomCorner\Pompom's Corner.exe" MainFrame
Args length:	71/32768 chars
Exit code:	0


Version:	3.50
CmdLine:	D:\Java for OOP\PompomCorner\Pompom's Corner.exe --l4j-debug
JNI:		No
WOW64:		Yes
Working dir:	D:\Java for OOP\PompomCorner\.
Requires JDK:	No
Requires 64-Bit: No
Java min ver:	
Java max ver:	
Substitute:	JAVA_HOME = C:\Program Files\Java\jdk-23
Substitute:	PATH = C:\Program Files\Java\jdk-23\bin;C:\WINDOWS\system32;C:\WINDOWS;C:\WINDOWS\System32\Wbem;C:\WINDOWS\System32\WindowsPowerShell\v1.0\;C:\WINDOWS\System32\OpenSSH\;C:\Program Files\dotnet\;C:\Users\river\AppData\Local\Microsoft\WindowsApps;C:\adb;C:\MinGW\bin;C:\cygnus\cygwin-b20\H-i586-cygwin32\bin;C:\Program Files\Git\cmd;"C:\Users\river\AppData\Local\Microsoft\WindowsApps;C:\platform-tools";C:\MinGW\bin;C:\cygnus\cygwin-b20\H-i586-cygwin32\bin;D:\Programming\flutter\bin;C:\Users\river\AppData\Local\GitHubDesktop\bin;C:\Users\river\AppData\Local\Programs\Microsoft VS Code\bin;C:\Program Files\Java\jdk-23\bin;;C:\Program Files\Java\jdk-23\bin
JRE paths:	C:\Program Files\Java\jdk-23;C:\Program Files\Java\jdk-23\bin;C:\WINDOWS\system32;C:\WINDOWS;C:\WINDOWS\System32\Wbem;C:\WINDOWS\System32\WindowsPowerShell\v1.0\;C:\WINDOWS\System32\OpenSSH\;C:\Program Files\dotnet\;C:\Users\river\AppData\Local\Microsoft\WindowsApps;C:\adb;C:\MinGW\bin;C:\cygnus\cygwin-b20\H-i586-cygwin32\bin;C:\Program Files\Git\cmd;"C:\Users\river\AppData\Local\Microsoft\WindowsApps;C:\platform-tools";C:\MinGW\bin;C:\cygnus\cygwin-b20\H-i586-cygwin32\bin;D:\Programming\flutter\bin;C:\Users\river\AppData\Local\GitHubDesktop\bin;C:\Users\river\AppData\Local\Programs\Microsoft VS Code\bin;C:\Program Files\Java\jdk-23\bin;;C:\Program Files\Java\jdk-23\bin
Check launcher:	C:\Program Files\Java\jdk-23\bin\javaw.exe (OK)
Version string: 1.023.000 / 64-Bit (OK)
Main class:	MainFrame
Info:		Classpath not defined.
Launcher:	C:\Program Files\Java\jdk-23\bin\javaw.exe
Launcher args:	-classpath "D:\Java for OOP\PompomCorner\Pompom's Corner.exe" MainFrame
Args length:	71/32768 chars
Exit code:	0


Version:	3.50
CmdLine:	D:\Java for OOP\PompomCorner\Pompom's Corner.exe --l4j-debug
JNI:		No
WOW64:		Yes
Working dir:	D:\Java for OOP\PompomCorner\.
Requires JDK:	No
Requires 64-Bit: No
Java min ver:	
Java max ver:	
Substitute:	JAVA_HOME = C:\Program Files\Java\jdk-23
Substitute:	PATH = C:\Program Files\Java\jdk-23\bin;C:\WINDOWS\system32;C:\WINDOWS;C:\WINDOWS\System32\Wbem;C:\WINDOWS\System32\WindowsPowerShell\v1.0\;C:\WINDOWS\System32\OpenSSH\;C:\Program Files\dotnet\;C:\Users\river\AppData\Local\Microsoft\WindowsApps;C:\adb;C:\MinGW\bin;C:\cygnus\cygwin-b20\H-i586-cygwin32\bin;C:\Program Files\Git\cmd;"C:\Users\river\AppData\Local\Microsoft\WindowsApps;C:\platform-tools";C:\MinGW\bin;C:\cygnus\cygwin-b20\H-i586-cygwin32\bin;D:\Programming\flutter\bin;C:\Users\river\AppData\Local\GitHubDesktop\bin;C:\Users\river\AppData\Local\Programs\Microsoft VS Code\bin;C:\Program Files\Java\jdk-23\bin;;C:\Program Files\Java\jdk-23\bin
JRE paths:	C:\Program Files\Java\jdk-23;C:\Program Files\Java\jdk-23\bin;C:\WINDOWS\system32;C:\WINDOWS;C:\WINDOWS\System32\Wbem;C:\WINDOWS\System32\WindowsPowerShell\v1.0\;C:\WINDOWS\System32\OpenSSH\;C:\Program Files\dotnet\;C:\Users\river\AppData\Local\Microsoft\WindowsApps;C:\adb;C:\MinGW\bin;C:\cygnus\cygwin-b20\H-i586-cygwin32\bin;C:\Program Files\Git\cmd;"C:\Users\river\AppData\Local\Microsoft\WindowsApps;C:\platform-tools";C:\MinGW\bin;C:\cygnus\cygwin-b20\H-i586-cygwin32\bin;D:\Programming\flutter\bin;C:\Users\river\AppData\Local\GitHubDesktop\bin;C:\Users\river\AppData\Local\Programs\Microsoft VS Code\bin;C:\Program Files\Java\jdk-23\bin;;C:\Program Files\Java\jdk-23\bin
Check launcher:	C:\Program Files\Java\jdk-23\bin\javaw.exe (OK)
Version string: 1.023.000 / 64-Bit (OK)
Main class:	MainFrame
Info:		Classpath not defined.
Launcher:	C:\Program Files\Java\jdk-23\bin\javaw.exe
Launcher args:	-classpath "D:\Java for OOP\PompomCorner\Pompom's Corner.exe" MainFrame
Args length:	71/32768 chars
Exit code:	0


Version:	3.50
CmdLine:	D:\Java for OOP\PompomCorner\Pompom's Corner.exe --l4j-debug
JNI:		No
WOW64:		Yes
Working dir:	D:\Java for OOP\PompomCorner\.
Requires JDK:	No
Requires 64-Bit: No
Java min ver:	
Java max ver:	
Substitute:	JAVA_HOME = C:\Program Files\Java\jdk-23
Substitute:	PATH = C:\Program Files\Java\jdk-23\bin;C:\WINDOWS\system32;C:\WINDOWS;C:\WINDOWS\System32\Wbem;C:\WINDOWS\System32\WindowsPowerShell\v1.0\;C:\WINDOWS\System32\OpenSSH\;C:\Program Files\dotnet\;C:\Users\river\AppData\Local\Microsoft\WindowsApps;C:\adb;C:\MinGW\bin;C:\cygnus\cygwin-b20\H-i586-cygwin32\bin;C:\Program Files\Git\cmd;"C:\Users\river\AppData\Local\Microsoft\WindowsApps;C:\platform-tools";C:\MinGW\bin;C:\cygnus\cygwin-b20\H-i586-cygwin32\bin;D:\Programming\flutter\bin;C:\Users\river\AppData\Local\GitHubDesktop\bin;C:\Users\river\AppData\Local\Programs\Microsoft VS Code\bin;C:\Program Files\Java\jdk-23\bin;;C:\Program Files\Java\jdk-23\bin
JRE paths:	C:\Program Files\Java\jdk-23;C:\Program Files\Java\jdk-23\bin;C:\WINDOWS\system32;C:\WINDOWS;C:\WINDOWS\System32\Wbem;C:\WINDOWS\System32\WindowsPowerShell\v1.0\;C:\WINDOWS\System32\OpenSSH\;C:\Program Files\dotnet\;C:\Users\river\AppData\Local\Microsoft\WindowsApps;C:\adb;C:\MinGW\bin;C:\cygnus\cygwin-b20\H-i586-cygwin32\bin;C:\Program Files\Git\cmd;"C:\Users\river\AppData\Local\Microsoft\WindowsApps;C:\platform-tools";C:\MinGW\bin;C:\cygnus\cygwin-b20\H-i586-cygwin32\bin;D:\Programming\flutter\bin;C:\Users\river\AppData\Local\GitHubDesktop\bin;C:\Users\river\AppData\Local\Programs\Microsoft VS Code\bin;C:\Program Files\Java\jdk-23\bin;;C:\Program Files\Java\jdk-23\bin
Check launcher:	C:\Program Files\Java\jdk-23\bin\javaw.exe (OK)
Version string: 1.023.000 / 64-Bit (OK)
Main class:	MainFrame
Info:		Classpath not defined.
Launcher:	C:\Program Files\Java\jdk-23\bin\javaw.exe
Launcher args:	-classpath "D:\Java for OOP\PompomCorner\Pompom's Corner.exe" MainFrame
Args length:	71/32768 chars
Exit code:	0
